grid/app/build/intermediates/manifest_merge_blame_file/debug/manifest-merger-blame-debug-report.txt
1<?xml version="1.0" encoding="utf-8"?>
2<manifest xmlns:android="http://schemas.android.com/apk/res/android"
3    package="edu.byuh.cis.cs203.grid"
4    android:versionCode="1"
5    android:versionName="1.0" >
6
7    <uses-sdk
8        android:minSdkVersion="16"
8-->src\main\AndroidManifest.xml
9        android:targetSdkVersion="30" />
9-->src\main\AndroidManifest.xml
10
11    <application
11-->src\main\AndroidManifest.xml:5:5-23:19
12        android:allowBackup="true"
12-->src\main\AndroidManifest.xml:6:9-35
13        android:appComponentFactory="androidx.core.app.CoreComponentFactory"
13-->[androidx.core:core:1.3.1] AndroidManifest.xml:24:18-86
14        android:debuggable="true"
15        android:icon="@mipmap/dimsum"
15-->src\main\AndroidManifest.xml:7:9-38
16        android:label="Five Dim Sum in a row!"
16-->src\main\AndroidManifest.xml:8:9-47
17        android:roundIcon="@mipmap/dimsum_round"
17-->src\main\AndroidManifest.xml:9:9-49
18        android:supportsRtl="true"
18-->src\main\AndroidManifest.xml:10:9-35
19        android:testOnly="true"
20        android:theme="@style/AppTheme" >
20-->src\main\AndroidManifest.xml:11:9-40
21        <activity android:name="edu.byuh.cis.cs203.grid.ui.SplashActivity" >
21-->src\main\AndroidManifest.xml:12:9-18:20
21-->src\main\AndroidManifest.xml:12:19-52
22            <intent-filter>
22-->src\main\AndroidManifest.xml:13:13-17:29
23                <action android:name="android.intent.action.MAIN" />
23-->src\main\AndroidManifest.xml:14:17-69
23-->src\main\AndroidManifest.xml:14:25-66
24
25                <category android:name="android.intent.category.LAUNCHER" />
25-->src\main\AndroidManifest.xml:16:17-77
25-->src\main\AndroidManifest.xml:16:27-74
26            </intent-filter>
27        </activity>
28        <activity android:name="edu.byuh.cis.cs203.grid.ui.MainActivity" >
28-->src\main\AndroidManifest.xml:20:9-21:20
28-->src\main\AndroidManifest.xml:20:19-50
29        </activity>
30        <activity android:name="edu.byuh.cis.cs203.grid.ui.Prefs" />
30-->src\main\AndroidManifest.xml:22:9-45
30-->src\main\AndroidManifest.xml:22:19-43
31    </application>
32
33</manifest>